# JRE version: OpenJDK Runtime Environment Temurin-21.0.8+9 (21.0.8+9) (build 21.0.8+9-LTS)
# Java VM: OpenJDK 64-Bit Server VM Temurin-21.0.8+9 (21.0.8+9-LTS, mixed mode, sharing, tiered, compressed oops, compressed class ptrs, parallel gc, windows-amd64)
GC Precious Log:
 CardTable entry size: 512
 CPUs: 16 total, 16 available
 Memory: 15789M
 Large Page Support: Disabled
 NUMA Support: Disabled
 Compressed Oops: Enabled (32-bit)
 Alignments: Space 512K, Generation 512K, Heap 2M
 Heap Min Capacity: 100M
 Heap Initial Capacity: 100M
 Heap Max Capacity: 2G
 Pre-touch: Disabled
 Parallel Workers: 13
Heap:
 PSYoungGen      total 4608K, used 3759K [0x00000000d5580000, 0x00000000d5e80000, 0x0000000100000000)
  eden space 4096K, 85% used [0x00000000d5580000,0x00000000d58ebcf0,0x00000000d5980000)
  from space 512K, 50% used [0x00000000d5e00000,0x00000000d5e40000,0x00000000d5e80000)
  to   space 1024K, 0% used [0x00000000d5c80000,0x00000000d5c80000,0x00000000d5d80000)
 ParOldGen       total 917504K, used 917313K [0x0000000080000000, 0x00000000b8000000, 0x00000000d5580000)
  object space 917504K, 99% used [0x0000000080000000,0x00000000b7fd06e8,0x00000000b8000000)
 Metaspace       used 71484K, committed 72960K, reserved 1114112K
  class space    used 7323K, committed 8000K, reserved 1048576K
GC Heap History (20 events):
Event: 93.680 GC heap before
{Heap before GC invocations=742 (full 3):
 PSYoungGen      total 8192K, used 7904K [0x00000000d5580000, 0x00000000d5f80000, 0x0000000100000000)
  eden space 7680K, 100% used [0x00000000d5580000,0x00000000d5d00000,0x00000000d5d00000)
  from space 512K, 43% used [0x00000000d5f00000,0x00000000d5f38000,0x00000000d5f80000)
  to   space 1024K, 0% used [0x00000000d5d80000,0x00000000d5d80000,0x00000000d5e80000)
 ParOldGen       total 905728K, used 905388K [0x0000000080000000, 0x00000000b7480000, 0x00000000d5580000)
  object space 905728K, 99% used [0x0000000080000000,0x00000000b742b0c8,0x00000000b7480000)
 Metaspace       used 71141K, committed 72576K, reserved 1114112K
  class space    used 7297K, committed 7936K, reserved 1048576K
}
Event: 93.683 GC heap after
{Heap after GC invocations=742 (full 3):
 PSYoungGen      total 9216K, used 1008K [0x00000000d5580000, 0x00000000d6880000, 0x0000000100000000)
  eden space 8192K, 0% used [0x00000000d5580000,0x00000000d5580000,0x00000000d5d80000)
  from space 1024K, 98% used [0x00000000d5d80000,0x00000000d5e7c0a0,0x00000000d5e80000)
  to   space 5120K, 0% used [0x00000000d6380000,0x00000000d6380000,0x00000000d6880000)
 ParOldGen       total 908800K, used 908385K [0x0000000080000000, 0x00000000b7780000, 0x00000000d5580000)
  object space 908800K, 99% used [0x0000000080000000,0x00000000b7718408,0x00000000b7780000)
 Metaspace       used 71141K, committed 72576K, reserved 1114112K
  class space    used 7297K, committed 7936K, reserved 1048576K
}
Event: 417.951 GC heap before
{Heap before GC invocations=743 (full 3):
 PSYoungGen      total 9216K, used 9119K [0x00000000d5580000, 0x00000000d6880000, 0x0000000100000000)
  eden space 8192K, 99% used [0x00000000d5580000,0x00000000d5d6bbd0,0x00000000d5d80000)
  from space 1024K, 98% used [0x00000000d5d80000,0x00000000d5e7c0a0,0x00000000d5e80000)
  to   space 5120K, 0% used [0x00000000d6380000,0x00000000d6380000,0x00000000d6880000)
 ParOldGen       total 908800K, used 908385K [0x0000000080000000, 0x00000000b7780000, 0x00000000d5580000)
  object space 908800K, 99% used [0x0000000080000000,0x00000000b7718408,0x00000000b7780000)
 Metaspace       used 71337K, committed 72768K, reserved 1114112K
  class space    used 7321K, committed 8000K, reserved 1048576K
}
Event: 417.952 GC heap after
{Heap after GC invocations=743 (full 3):
 PSYoungGen      total 8704K, used 512K [0x00000000d5580000, 0x00000000d6400000, 0x0000000100000000)
  eden space 8192K, 0% used [0x00000000d5580000,0x00000000d5580000,0x00000000d5d80000)
  from space 512K, 100% used [0x00000000d6380000,0x00000000d6400000,0x00000000d6400000)
  to   space 2048K, 0% used [0x00000000d6000000,0x00000000d6000000,0x00000000d6200000)
 ParOldGen       total 908800K, used 908596K [0x0000000080000000, 0x00000000b7780000, 0x00000000d5580000)
  object space 908800K, 99% used [0x0000000080000000,0x00000000b774d368,0x00000000b7780000)
 Metaspace       used 71337K, committed 72768K, reserved 1114112K
  class space    used 7321K, committed 8000K, reserved 1048576K
}
Event: 417.964 GC heap before
{Heap before GC invocations=744 (full 3):
 PSYoungGen      total 8704K, used 8704K [0x00000000d5580000, 0x00000000d6400000, 0x0000000100000000)
  eden space 8192K, 100% used [0x00000000d5580000,0x00000000d5d80000,0x00000000d5d80000)
  from space 512K, 100% used [0x00000000d6380000,0x00000000d6400000,0x00000000d6400000)
  to   space 2048K, 0% used [0x00000000d6000000,0x00000000d6000000,0x00000000d6200000)
 ParOldGen       total 908800K, used 908596K [0x0000000080000000, 0x00000000b7780000, 0x00000000d5580000)
  object space 908800K, 99% used [0x0000000080000000,0x00000000b774d368,0x00000000b7780000)
 Metaspace       used 71341K, committed 72768K, reserved 1114112K
  class space    used 7321K, committed 8000K, reserved 1048576K
}
Event: 417.967 GC heap after
{Heap after GC invocations=744 (full 3):
 PSYoungGen      total 10240K, used 2032K [0x00000000d5580000, 0x00000000d6880000, 0x0000000100000000)
  eden space 8192K, 0% used [0x00000000d5580000,0x00000000d5580000,0x00000000d5d80000)
  from space 2048K, 99% used [0x00000000d6000000,0x00000000d61fc0a0,0x00000000d6200000)
  to   space 5632K, 0% used [0x00000000d6300000,0x00000000d6300000,0x00000000d6880000)
 ParOldGen       total 911360K, used 911213K [0x0000000080000000, 0x00000000b7a00000, 0x00000000d5580000)
  object space 911360K, 99% used [0x0000000080000000,0x00000000b79db608,0x00000000b7a00000)
 Metaspace       used 71341K, committed 72768K, reserved 1114112K
  class space    used 7321K, committed 8000K, reserved 1048576K
}
Event: 417.986 GC heap before
{Heap before GC invocations=745 (full 3):
 PSYoungGen      total 10240K, used 10215K [0x00000000d5580000, 0x00000000d6880000, 0x0000000100000000)
  eden space 8192K, 99% used [0x00000000d5580000,0x00000000d5d7db80,0x00000000d5d80000)
  from space 2048K, 99% used [0x00000000d6000000,0x00000000d61fc0a0,0x00000000d6200000)
  to   space 5632K, 0% used [0x00000000d6300000,0x00000000d6300000,0x00000000d6880000)
 ParOldGen       total 911360K, used 911213K [0x0000000080000000, 0x00000000b7a00000, 0x00000000d5580000)
  object space 911360K, 99% used [0x0000000080000000,0x00000000b79db608,0x00000000b7a00000)
 Metaspace       used 71356K, committed 72832K, reserved 1114112K
  class space    used 7321K, committed 8000K, reserved 1048576K
}
Event: 417.987 GC heap after
{Heap after GC invocations=745 (full 3):
 PSYoungGen      total 9728K, used 1103K [0x00000000d5580000, 0x00000000d6480000, 0x0000000100000000)
  eden space 8192K, 0% used [0x00000000d5580000,0x00000000d5580000,0x00000000d5d80000)
  from space 1536K, 71% used [0x00000000d6300000,0x00000000d6413f28,0x00000000d6480000)
  to   space 2560K, 0% used [0x00000000d5f80000,0x00000000d5f80000,0x00000000d6200000)
 ParOldGen       total 911360K, used 911237K [0x0000000080000000, 0x00000000b7a00000, 0x00000000d5580000)
  object space 911360K, 99% used [0x0000000080000000,0x00000000b79e1608,0x00000000b7a00000)
 Metaspace       used 71356K, committed 72832K, reserved 1114112K
  class space    used 7321K, committed 8000K, reserved 1048576K
}
Event: 465.751 GC heap before
{Heap before GC invocations=746 (full 3):
 PSYoungGen      total 9728K, used 9295K [0x00000000d5580000, 0x00000000d6480000, 0x0000000100000000)
  eden space 8192K, 100% used [0x00000000d5580000,0x00000000d5d80000,0x00000000d5d80000)
  from space 1536K, 71% used [0x00000000d6300000,0x00000000d6413f28,0x00000000d6480000)
  to   space 2560K, 0% used [0x00000000d5f80000,0x00000000d5f80000,0x00000000d6200000)
 ParOldGen       total 911360K, used 911237K [0x0000000080000000, 0x00000000b7a00000, 0x00000000d5580000)
  object space 911360K, 99% used [0x0000000080000000,0x00000000b79e1608,0x00000000b7a00000)
 Metaspace       used 71373K, committed 72832K, reserved 1114112K
  class space    used 7321K, committed 8000K, reserved 1048576K
}
Event: 465.753 GC heap after
{Heap after GC invocations=746 (full 3):
 PSYoungGen      total 10752K, used 1103K [0x00000000d5580000, 0x00000000d6380000, 0x0000000100000000)
  eden space 8192K, 0% used [0x00000000d5580000,0x00000000d5580000,0x00000000d5d80000)
  from space 2560K, 43% used [0x00000000d5f80000,0x00000000d6093db0,0x00000000d6200000)
  to   space 1536K, 0% used [0x00000000d6200000,0x00000000d6200000,0x00000000d6380000)
 ParOldGen       total 911360K, used 911277K [0x0000000080000000, 0x00000000b7a00000, 0x00000000d5580000)
  object space 911360K, 99% used [0x0000000080000000,0x00000000b79eb608,0x00000000b7a00000)
 Metaspace       used 71373K, committed 72832K, reserved 1114112K
  class space    used 7321K, committed 8000K, reserved 1048576K
}
Event: 465.767 GC heap before
{Heap before GC invocations=747 (full 3):
 PSYoungGen      total 10752K, used 9295K [0x00000000d5580000, 0x00000000d6380000, 0x0000000100000000)
  eden space 8192K, 100% used [0x00000000d5580000,0x00000000d5d80000,0x00000000d5d80000)
  from space 2560K, 43% used [0x00000000d5f80000,0x00000000d6093db0,0x00000000d6200000)
  to   space 1536K, 0% used [0x00000000d6200000,0x00000000d6200000,0x00000000d6380000)
 ParOldGen       total 911360K, used 911277K [0x0000000080000000, 0x00000000b7a00000, 0x00000000d5580000)
  object space 911360K, 99% used [0x0000000080000000,0x00000000b79eb608,0x00000000b7a00000)
 Metaspace       used 71376K, committed 72832K, reserved 1114112K
  class space    used 7321K, committed 8000K, reserved 1048576K
}
Event: 465.770 GC heap after
{Heap after GC invocations=747 (full 3):
 PSYoungGen      total 8192K, used 1520K [0x00000000d5580000, 0x00000000d6980000, 0x0000000100000000)
  eden space 6656K, 0% used [0x00000000d5580000,0x00000000d5580000,0x00000000d5c00000)
  from space 1536K, 98% used [0x00000000d6200000,0x00000000d637c0a0,0x00000000d6380000)
  to   space 6144K, 0% used [0x00000000d5c00000,0x00000000d5c00000,0x00000000d6200000)
 ParOldGen       total 915456K, used 915143K [0x0000000080000000, 0x00000000b7e00000, 0x00000000d5580000)
  object space 915456K, 99% used [0x0000000080000000,0x00000000b7db1e68,0x00000000b7e00000)
 Metaspace       used 71376K, committed 72832K, reserved 1114112K
  class space    used 7321K, committed 8000K, reserved 1048576K
}
Event: 465.786 GC heap before
{Heap before GC invocations=748 (full 3):
 PSYoungGen      total 8192K, used 8176K [0x00000000d5580000, 0x00000000d6980000, 0x0000000100000000)
  eden space 6656K, 100% used [0x00000000d5580000,0x00000000d5c00000,0x00000000d5c00000)
  from space 1536K, 98% used [0x00000000d6200000,0x00000000d637c0a0,0x00000000d6380000)
  to   space 6144K, 0% used [0x00000000d5c00000,0x00000000d5c00000,0x00000000d6200000)
 ParOldGen       total 915456K, used 915143K [0x0000000080000000, 0x00000000b7e00000, 0x00000000d5580000)
  object space 915456K, 99% used [0x0000000080000000,0x00000000b7db1e68,0x00000000b7e00000)
 Metaspace       used 71378K, committed 72832K, reserved 1114112K
  class space    used 7321K, committed 8000K, reserved 1048576K
}
Event: 465.790 GC heap after
{Heap after GC invocations=748 (full 3):
 PSYoungGen      total 10752K, used 4015K [0x00000000d5580000, 0x00000000d6500000, 0x0000000100000000)
  eden space 6656K, 0% used [0x00000000d5580000,0x00000000d5580000,0x00000000d5c00000)
  from space 4096K, 98% used [0x00000000d5c00000,0x00000000d5febdb0,0x00000000d6000000)
  to   space 4608K, 0% used [0x00000000d6080000,0x00000000d6080000,0x00000000d6500000)
 ParOldGen       total 915456K, used 915151K [0x0000000080000000, 0x00000000b7e00000, 0x00000000d5580000)
  object space 915456K, 99% used [0x0000000080000000,0x00000000b7db3e68,0x00000000b7e00000)
 Metaspace       used 71378K, committed 72832K, reserved 1114112K
  class space    used 7321K, committed 8000K, reserved 1048576K
}
Event: 465.796 GC heap before
{Heap before GC invocations=749 (full 3):
 PSYoungGen      total 10752K, used 10671K [0x00000000d5580000, 0x00000000d6500000, 0x0000000100000000)
  eden space 6656K, 100% used [0x00000000d5580000,0x00000000d5c00000,0x00000000d5c00000)
  from space 4096K, 98% used [0x00000000d5c00000,0x00000000d5febdb0,0x00000000d6000000)
  to   space 4608K, 0% used [0x00000000d6080000,0x00000000d6080000,0x00000000d6500000)
 ParOldGen       total 915456K, used 915151K [0x0000000080000000, 0x00000000b7e00000, 0x00000000d5580000)
  object space 915456K, 99% used [0x0000000080000000,0x00000000b7db3e68,0x00000000b7e00000)
 Metaspace       used 71378K, committed 72832K, reserved 1114112K
  class space    used 7321K, committed 8000K, reserved 1048576K
}
Event: 465.799 GC heap after
{Heap after GC invocations=749 (full 3):
 PSYoungGen      total 8704K, used 4592K [0x00000000d5580000, 0x00000000d6a00000, 0x0000000100000000)
  eden space 4096K, 0% used [0x00000000d5580000,0x00000000d5580000,0x00000000d5980000)
  from space 4608K, 99% used [0x00000000d6080000,0x00000000d64fc0a0,0x00000000d6500000)
  to   space 7168K, 0% used [0x00000000d5980000,0x00000000d5980000,0x00000000d6080000)
 ParOldGen       total 917504K, used 917161K [0x0000000080000000, 0x00000000b8000000, 0x00000000d5580000)
  object space 917504K, 99% used [0x0000000080000000,0x00000000b7faa6c8,0x00000000b8000000)
 Metaspace       used 71378K, committed 72832K, reserved 1114112K
  class space    used 7321K, committed 8000K, reserved 1048576K
}
Event: 774.211 GC heap before
{Heap before GC invocations=750 (full 3):
 PSYoungGen      total 8704K, used 8688K [0x00000000d5580000, 0x00000000d6a00000, 0x0000000100000000)
  eden space 4096K, 99% used [0x00000000d5580000,0x00000000d597fff8,0x00000000d5980000)
  from space 4608K, 99% used [0x00000000d6080000,0x00000000d64fc0a0,0x00000000d6500000)
  to   space 7168K, 0% used [0x00000000d5980000,0x00000000d5980000,0x00000000d6080000)
 ParOldGen       total 917504K, used 917161K [0x0000000080000000, 0x00000000b8000000, 0x00000000d5580000)
  object space 917504K, 99% used [0x0000000080000000,0x00000000b7faa6c8,0x00000000b8000000)
 Metaspace       used 71408K, committed 72832K, reserved 1114112K
  class space    used 7323K, committed 8000K, reserved 1048576K
}
Event: 774.213 GC heap after
{Heap after GC invocations=750 (full 3):
 PSYoungGen      total 4608K, used 480K [0x00000000d5580000, 0x00000000d6100000, 0x0000000100000000)
  eden space 4096K, 0% used [0x00000000d5580000,0x00000000d5580000,0x00000000d5980000)
  from space 512K, 93% used [0x00000000d5980000,0x00000000d59f8020,0x00000000d5a00000)
  to   space 3072K, 0% used [0x00000000d5e00000,0x00000000d5e00000,0x00000000d6100000)
 ParOldGen       total 917504K, used 917185K [0x0000000080000000, 0x00000000b8000000, 0x00000000d5580000)
  object space 917504K, 99% used [0x0000000080000000,0x00000000b7fb06c8,0x00000000b8000000)
 Metaspace       used 71408K, committed 72832K, reserved 1114112K
  class space    used 7323K, committed 8000K, reserved 1048576K
}
Event: 774.231 GC heap before
{Heap before GC invocations=751 (full 3):
 PSYoungGen      total 4608K, used 4576K [0x00000000d5580000, 0x00000000d6100000, 0x0000000100000000)
  eden space 4096K, 100% used [0x00000000d5580000,0x00000000d5980000,0x00000000d5980000)
  from space 512K, 93% used [0x00000000d5980000,0x00000000d59f8020,0x00000000d5a00000)
  to   space 3072K, 0% used [0x00000000d5e00000,0x00000000d5e00000,0x00000000d6100000)
 ParOldGen       total 917504K, used 917185K [0x0000000080000000, 0x00000000b8000000, 0x00000000d5580000)
  object space 917504K, 99% used [0x0000000080000000,0x00000000b7fb06c8,0x00000000b8000000)
 Metaspace       used 71411K, committed 72832K, reserved 1114112K
  class space    used 7323K, committed 8000K, reserved 1048576K
}
Event: 774.233 GC heap after
{Heap after GC invocations=751 (full 3):
 PSYoungGen      total 4608K, used 256K [0x00000000d5580000, 0x00000000d5e80000, 0x0000000100000000)
  eden space 4096K, 0% used [0x00000000d5580000,0x00000000d5580000,0x00000000d5980000)
  from space 512K, 50% used [0x00000000d5e00000,0x00000000d5e40000,0x00000000d5e80000)
  to   space 1024K, 0% used [0x00000000d5c80000,0x00000000d5c80000,0x00000000d5d80000)
 ParOldGen       total 917504K, used 917313K [0x0000000080000000, 0x00000000b8000000, 0x00000000d5580000)
  object space 917504K, 99% used [0x0000000080000000,0x00000000b7fd06e8,0x00000000b8000000)
 Metaspace       used 71411K, committed 72832K, reserved 1114112K
  class space    used 7323K, committed 8000K, reserved 1048576K
}

