# JRE version: OpenJDK Runtime Environment Temurin-21.0.8+9 (21.0.8+9) (build 21.0.8+9-LTS)
# Java VM: OpenJDK 64-Bit Server VM Temurin-21.0.8+9 (21.0.8+9-LTS, mixed mode, sharing, tiered, compressed oops, compressed class ptrs, parallel gc, windows-amd64)
GC Precious Log:
 CardTable entry size: 512
 CPUs: 16 total, 16 available
 Memory: 15789M
 Large Page Support: Disabled
 NUMA Support: Disabled
 Compressed Oops: Enabled (32-bit)
 Alignments: Space 512K, Generation 512K, Heap 2M
 Heap Min Capacity: 100M
 Heap Initial Capacity: 100M
 Heap Max Capacity: 2G
 Pre-touch: Disabled
 Parallel Workers: 13
Heap:
 PSYoungGen      total 9728K, used 814K [0x00000000d5580000, 0x00000000d6680000, 0x0000000100000000)
  eden space 9216K, 3% used [0x00000000d5580000,0x00000000d55cb840,0x00000000d5e80000)
  from space 512K, 100% used [0x00000000d6600000,0x00000000d6680000,0x00000000d6680000)
  to   space 1024K, 0% used [0x00000000d6480000,0x00000000d6480000,0x00000000d6580000)
 ParOldGen       total 391168K, used 391038K [0x0000000080000000, 0x0000000097e00000, 0x00000000d5580000)
  object space 391168K, 99% used [0x0000000080000000,0x0000000097ddf8b8,0x0000000097e00000)
 Metaspace       used 71476K, committed 73024K, reserved 1114112K
  class space    used 7645K, committed 8320K, reserved 1048576K
GC Heap History (20 events):
Event: 32.422 GC heap before
{Heap before GC invocations=214 (full 3):
 PSYoungGen      total 10752K, used 10593K [0x00000000d5580000, 0x00000000d6380000, 0x0000000100000000)
  eden space 9216K, 100% used [0x00000000d5580000,0x00000000d5e80000,0x00000000d5e80000)
  from space 1536K, 89% used [0x00000000d6200000,0x00000000d63584a0,0x00000000d6380000)
  to   space 1536K, 0% used [0x00000000d6080000,0x00000000d6080000,0x00000000d6200000)
 ParOldGen       total 378368K, used 377876K [0x0000000080000000, 0x0000000097180000, 0x00000000d5580000)
  object space 378368K, 99% used [0x0000000080000000,0x0000000097105178,0x0000000097180000)
 Metaspace       used 65247K, committed 66688K, reserved 1114112K
  class space    used 6811K, committed 7424K, reserved 1048576K
}
Event: 32.424 GC heap after
{Heap after GC invocations=214 (full 3):
 PSYoungGen      total 10752K, used 1520K [0x00000000d5580000, 0x00000000d6380000, 0x0000000100000000)
  eden space 9216K, 0% used [0x00000000d5580000,0x00000000d5580000,0x00000000d5e80000)
  from space 1536K, 98% used [0x00000000d6080000,0x00000000d61fc010,0x00000000d6200000)
  to   space 1536K, 0% used [0x00000000d6200000,0x00000000d6200000,0x00000000d6380000)
 ParOldGen       total 378880K, used 378597K [0x0000000080000000, 0x0000000097200000, 0x00000000d5580000)
  object space 378880K, 99% used [0x0000000080000000,0x00000000971b9618,0x0000000097200000)
 Metaspace       used 65247K, committed 66688K, reserved 1114112K
  class space    used 6811K, committed 7424K, reserved 1048576K
}
Event: 32.717 GC heap before
{Heap before GC invocations=215 (full 3):
 PSYoungGen      total 10752K, used 10736K [0x00000000d5580000, 0x00000000d6380000, 0x0000000100000000)
  eden space 9216K, 100% used [0x00000000d5580000,0x00000000d5e80000,0x00000000d5e80000)
  from space 1536K, 98% used [0x00000000d6080000,0x00000000d61fc010,0x00000000d6200000)
  to   space 1536K, 0% used [0x00000000d6200000,0x00000000d6200000,0x00000000d6380000)
 ParOldGen       total 378880K, used 378597K [0x0000000080000000, 0x0000000097200000, 0x00000000d5580000)
  object space 378880K, 99% used [0x0000000080000000,0x00000000971b9618,0x0000000097200000)
 Metaspace       used 66020K, committed 67456K, reserved 1114112K
  class space    used 6888K, committed 7488K, reserved 1048576K
}
Event: 32.719 GC heap after
{Heap after GC invocations=215 (full 3):
 PSYoungGen      total 10240K, used 682K [0x00000000d5580000, 0x00000000d6300000, 0x0000000100000000)
  eden space 9216K, 0% used [0x00000000d5580000,0x00000000d5580000,0x00000000d5e80000)
  from space 1024K, 66% used [0x00000000d6200000,0x00000000d62aa970,0x00000000d6300000)
  to   space 1536K, 0% used [0x00000000d6000000,0x00000000d6000000,0x00000000d6180000)
 ParOldGen       total 379904K, used 379450K [0x0000000080000000, 0x0000000097300000, 0x00000000d5580000)
  object space 379904K, 99% used [0x0000000080000000,0x000000009728ea98,0x0000000097300000)
 Metaspace       used 66020K, committed 67456K, reserved 1114112K
  class space    used 6888K, committed 7488K, reserved 1048576K
}
Event: 32.882 GC heap before
{Heap before GC invocations=216 (full 3):
 PSYoungGen      total 10240K, used 9898K [0x00000000d5580000, 0x00000000d6300000, 0x0000000100000000)
  eden space 9216K, 100% used [0x00000000d5580000,0x00000000d5e80000,0x00000000d5e80000)
  from space 1024K, 66% used [0x00000000d6200000,0x00000000d62aa970,0x00000000d6300000)
  to   space 1536K, 0% used [0x00000000d6000000,0x00000000d6000000,0x00000000d6180000)
 ParOldGen       total 379904K, used 379450K [0x0000000080000000, 0x0000000097300000, 0x00000000d5580000)
  object space 379904K, 99% used [0x0000000080000000,0x000000009728ea98,0x0000000097300000)
 Metaspace       used 66830K, committed 68288K, reserved 1114112K
  class space    used 6992K, committed 7616K, reserved 1048576K
}
Event: 32.885 GC heap after
{Heap after GC invocations=216 (full 3):
 PSYoungGen      total 10752K, used 448K [0x00000000d5580000, 0x00000000d6280000, 0x0000000100000000)
  eden space 9216K, 0% used [0x00000000d5580000,0x00000000d5580000,0x00000000d5e80000)
  from space 1536K, 29% used [0x00000000d6000000,0x00000000d6070000,0x00000000d6180000)
  to   space 1024K, 0% used [0x00000000d6180000,0x00000000d6180000,0x00000000d6280000)
 ParOldGen       total 379904K, used 379810K [0x0000000080000000, 0x0000000097300000, 0x00000000d5580000)
  object space 379904K, 99% used [0x0000000080000000,0x00000000972e8ab8,0x0000000097300000)
 Metaspace       used 66830K, committed 68288K, reserved 1114112K
  class space    used 6992K, committed 7616K, reserved 1048576K
}
Event: 35.750 GC heap before
{Heap before GC invocations=217 (full 3):
 PSYoungGen      total 10752K, used 9664K [0x00000000d5580000, 0x00000000d6280000, 0x0000000100000000)
  eden space 9216K, 100% used [0x00000000d5580000,0x00000000d5e80000,0x00000000d5e80000)
  from space 1536K, 29% used [0x00000000d6000000,0x00000000d6070000,0x00000000d6180000)
  to   space 1024K, 0% used [0x00000000d6180000,0x00000000d6180000,0x00000000d6280000)
 ParOldGen       total 379904K, used 379810K [0x0000000080000000, 0x0000000097300000, 0x00000000d5580000)
  object space 379904K, 99% used [0x0000000080000000,0x00000000972e8ab8,0x0000000097300000)
 Metaspace       used 67266K, committed 68736K, reserved 1114112K
  class space    used 7054K, committed 7680K, reserved 1048576K
}
Event: 35.752 GC heap after
{Heap after GC invocations=217 (full 3):
 PSYoungGen      total 9728K, used 448K [0x00000000d5580000, 0x00000000d6200000, 0x0000000100000000)
  eden space 9216K, 0% used [0x00000000d5580000,0x00000000d5580000,0x00000000d5e80000)
  from space 512K, 87% used [0x00000000d6180000,0x00000000d61f0000,0x00000000d6200000)
  to   space 512K, 0% used [0x00000000d6100000,0x00000000d6100000,0x00000000d6180000)
 ParOldGen       total 380416K, used 379954K [0x0000000080000000, 0x0000000097380000, 0x00000000d5580000)
  object space 380416K, 99% used [0x0000000080000000,0x000000009730cab8,0x0000000097380000)
 Metaspace       used 67266K, committed 68736K, reserved 1114112K
  class space    used 7054K, committed 7680K, reserved 1048576K
}
Event: 35.822 GC heap before
{Heap before GC invocations=218 (full 3):
 PSYoungGen      total 9728K, used 9664K [0x00000000d5580000, 0x00000000d6200000, 0x0000000100000000)
  eden space 9216K, 100% used [0x00000000d5580000,0x00000000d5e80000,0x00000000d5e80000)
  from space 512K, 87% used [0x00000000d6180000,0x00000000d61f0000,0x00000000d6200000)
  to   space 512K, 0% used [0x00000000d6100000,0x00000000d6100000,0x00000000d6180000)
 ParOldGen       total 380416K, used 379954K [0x0000000080000000, 0x0000000097380000, 0x00000000d5580000)
  object space 380416K, 99% used [0x0000000080000000,0x000000009730cab8,0x0000000097380000)
 Metaspace       used 67293K, committed 68736K, reserved 1114112K
  class space    used 7060K, committed 7680K, reserved 1048576K
}
Event: 35.848 GC heap after
{Heap after GC invocations=218 (full 3):
 PSYoungGen      total 9728K, used 486K [0x00000000d5580000, 0x00000000d7080000, 0x0000000100000000)
  eden space 9216K, 0% used [0x00000000d5580000,0x00000000d5580000,0x00000000d5e80000)
  from space 512K, 94% used [0x00000000d6100000,0x00000000d6179858,0x00000000d6180000)
  to   space 9216K, 0% used [0x00000000d6780000,0x00000000d6780000,0x00000000d7080000)
 ParOldGen       total 387584K, used 387097K [0x0000000080000000, 0x0000000097a80000, 0x00000000d5580000)
  object space 387584K, 99% used [0x0000000080000000,0x0000000097a064e0,0x0000000097a80000)
 Metaspace       used 67293K, committed 68736K, reserved 1114112K
  class space    used 7060K, committed 7680K, reserved 1048576K
}
Event: 36.074 GC heap before
{Heap before GC invocations=219 (full 3):
 PSYoungGen      total 9728K, used 9702K [0x00000000d5580000, 0x00000000d7080000, 0x0000000100000000)
  eden space 9216K, 100% used [0x00000000d5580000,0x00000000d5e80000,0x00000000d5e80000)
  from space 512K, 94% used [0x00000000d6100000,0x00000000d6179858,0x00000000d6180000)
  to   space 9216K, 0% used [0x00000000d6780000,0x00000000d6780000,0x00000000d7080000)
 ParOldGen       total 387584K, used 387097K [0x0000000080000000, 0x0000000097a80000, 0x00000000d5580000)
  object space 387584K, 99% used [0x0000000080000000,0x0000000097a064e0,0x0000000097a80000)
 Metaspace       used 67517K, committed 68928K, reserved 1114112K
  class space    used 7077K, committed 7680K, reserved 1048576K
}
Event: 36.078 GC heap after
{Heap after GC invocations=219 (full 3):
 PSYoungGen      total 13312K, used 3720K [0x00000000d5580000, 0x00000000d6b80000, 0x0000000100000000)
  eden space 9216K, 0% used [0x00000000d5580000,0x00000000d5580000,0x00000000d5e80000)
  from space 4096K, 90% used [0x00000000d6780000,0x00000000d6b22190,0x00000000d6b80000)
  to   space 5120K, 0% used [0x00000000d6180000,0x00000000d6180000,0x00000000d6680000)
 ParOldGen       total 387584K, used 387185K [0x0000000080000000, 0x0000000097a80000, 0x00000000d5580000)
  object space 387584K, 99% used [0x0000000080000000,0x0000000097a1c4e0,0x0000000097a80000)
 Metaspace       used 67517K, committed 68928K, reserved 1114112K
  class space    used 7077K, committed 7680K, reserved 1048576K
}
Event: 47.160 GC heap before
{Heap before GC invocations=220 (full 3):
 PSYoungGen      total 13312K, used 12935K [0x00000000d5580000, 0x00000000d6b80000, 0x0000000100000000)
  eden space 9216K, 99% used [0x00000000d5580000,0x00000000d5e7fd38,0x00000000d5e80000)
  from space 4096K, 90% used [0x00000000d6780000,0x00000000d6b22190,0x00000000d6b80000)
  to   space 5120K, 0% used [0x00000000d6180000,0x00000000d6180000,0x00000000d6680000)
 ParOldGen       total 387584K, used 387185K [0x0000000080000000, 0x0000000097a80000, 0x00000000d5580000)
  object space 387584K, 99% used [0x0000000080000000,0x0000000097a1c4e0,0x0000000097a80000)
 Metaspace       used 68270K, committed 69696K, reserved 1114112K
  class space    used 7153K, committed 7744K, reserved 1048576K
}
Event: 47.163 GC heap after
{Heap after GC invocations=220 (full 3):
 PSYoungGen      total 9728K, used 416K [0x00000000d5580000, 0x00000000d6800000, 0x0000000100000000)
  eden space 9216K, 0% used [0x00000000d5580000,0x00000000d5580000,0x00000000d5e80000)
  from space 512K, 81% used [0x00000000d6180000,0x00000000d61e8000,0x00000000d6200000)
  to   space 2048K, 0% used [0x00000000d6600000,0x00000000d6600000,0x00000000d6800000)
 ParOldGen       total 390656K, used 390295K [0x0000000080000000, 0x0000000097d80000, 0x00000000d5580000)
  object space 390656K, 99% used [0x0000000080000000,0x0000000097d25c90,0x0000000097d80000)
 Metaspace       used 68270K, committed 69696K, reserved 1114112K
  class space    used 7153K, committed 7744K, reserved 1048576K
}
Event: 47.281 GC heap before
{Heap before GC invocations=221 (full 3):
 PSYoungGen      total 9728K, used 9632K [0x00000000d5580000, 0x00000000d6800000, 0x0000000100000000)
  eden space 9216K, 100% used [0x00000000d5580000,0x00000000d5e80000,0x00000000d5e80000)
  from space 512K, 81% used [0x00000000d6180000,0x00000000d61e8000,0x00000000d6200000)
  to   space 2048K, 0% used [0x00000000d6600000,0x00000000d6600000,0x00000000d6800000)
 ParOldGen       total 390656K, used 390295K [0x0000000080000000, 0x0000000097d80000, 0x00000000d5580000)
  object space 390656K, 99% used [0x0000000080000000,0x0000000097d25c90,0x0000000097d80000)
 Metaspace       used 69466K, committed 70848K, reserved 1114112K
  class space    used 7290K, committed 7872K, reserved 1048576K
}
Event: 47.282 GC heap after
{Heap after GC invocations=221 (full 3):
 PSYoungGen      total 10240K, used 529K [0x00000000d5580000, 0x00000000d6700000, 0x0000000100000000)
  eden space 9216K, 0% used [0x00000000d5580000,0x00000000d5580000,0x00000000d5e80000)
  from space 1024K, 51% used [0x00000000d6600000,0x00000000d66845d0,0x00000000d6700000)
  to   space 1024K, 0% used [0x00000000d6500000,0x00000000d6500000,0x00000000d6600000)
 ParOldGen       total 390656K, used 390535K [0x0000000080000000, 0x0000000097d80000, 0x00000000d5580000)
  object space 390656K, 99% used [0x0000000080000000,0x0000000097d61ca0,0x0000000097d80000)
 Metaspace       used 69466K, committed 70848K, reserved 1114112K
  class space    used 7290K, committed 7872K, reserved 1048576K
}
Event: 47.385 GC heap before
{Heap before GC invocations=222 (full 3):
 PSYoungGen      total 10240K, used 9735K [0x00000000d5580000, 0x00000000d6700000, 0x0000000100000000)
  eden space 9216K, 99% used [0x00000000d5580000,0x00000000d5e7d740,0x00000000d5e80000)
  from space 1024K, 51% used [0x00000000d6600000,0x00000000d66845d0,0x00000000d6700000)
  to   space 1024K, 0% used [0x00000000d6500000,0x00000000d6500000,0x00000000d6600000)
 ParOldGen       total 390656K, used 390535K [0x0000000080000000, 0x0000000097d80000, 0x00000000d5580000)
  object space 390656K, 99% used [0x0000000080000000,0x0000000097d61ca0,0x0000000097d80000)
 Metaspace       used 70313K, committed 71744K, reserved 1114112K
  class space    used 7467K, committed 8064K, reserved 1048576K
}
Event: 47.386 GC heap after
{Heap after GC invocations=222 (full 3):
 PSYoungGen      total 10240K, used 448K [0x00000000d5580000, 0x00000000d6680000, 0x0000000100000000)
  eden space 9216K, 0% used [0x00000000d5580000,0x00000000d5580000,0x00000000d5e80000)
  from space 1024K, 43% used [0x00000000d6500000,0x00000000d6570000,0x00000000d6600000)
  to   space 512K, 0% used [0x00000000d6600000,0x00000000d6600000,0x00000000d6680000)
 ParOldGen       total 391168K, used 390838K [0x0000000080000000, 0x0000000097e00000, 0x00000000d5580000)
  object space 391168K, 99% used [0x0000000080000000,0x0000000097dad8b8,0x0000000097e00000)
 Metaspace       used 70313K, committed 71744K, reserved 1114112K
  class space    used 7467K, committed 8064K, reserved 1048576K
}
Event: 54.460 GC heap before
{Heap before GC invocations=223 (full 3):
 PSYoungGen      total 10240K, used 9664K [0x00000000d5580000, 0x00000000d6680000, 0x0000000100000000)
  eden space 9216K, 100% used [0x00000000d5580000,0x00000000d5e80000,0x00000000d5e80000)
  from space 1024K, 43% used [0x00000000d6500000,0x00000000d6570000,0x00000000d6600000)
  to   space 512K, 0% used [0x00000000d6600000,0x00000000d6600000,0x00000000d6680000)
 ParOldGen       total 391168K, used 390838K [0x0000000080000000, 0x0000000097e00000, 0x00000000d5580000)
  object space 391168K, 99% used [0x0000000080000000,0x0000000097dad8b8,0x0000000097e00000)
 Metaspace       used 71441K, committed 72960K, reserved 1114112K
  class space    used 7637K, committed 8320K, reserved 1048576K
}
Event: 54.461 GC heap after
{Heap after GC invocations=223 (full 3):
 PSYoungGen      total 9728K, used 512K [0x00000000d5580000, 0x00000000d6680000, 0x0000000100000000)
  eden space 9216K, 0% used [0x00000000d5580000,0x00000000d5580000,0x00000000d5e80000)
  from space 512K, 100% used [0x00000000d6600000,0x00000000d6680000,0x00000000d6680000)
  to   space 1024K, 0% used [0x00000000d6480000,0x00000000d6480000,0x00000000d6580000)
 ParOldGen       total 391168K, used 391038K [0x0000000080000000, 0x0000000097e00000, 0x00000000d5580000)
  object space 391168K, 99% used [0x0000000080000000,0x0000000097ddf8b8,0x0000000097e00000)
 Metaspace       used 71441K, committed 72960K, reserved 1114112K
  class space    used 7637K, committed 8320K, reserved 1048576K
}

