# JRE version: OpenJDK Runtime Environment Temurin-21.0.8+9 (21.0.8+9) (build 21.0.8+9-LTS)
# Java VM: OpenJDK 64-Bit Server VM Temurin-21.0.8+9 (21.0.8+9-LTS, mixed mode, sharing, tiered, compressed oops, compressed class ptrs, parallel gc, windows-amd64)
GC Precious Log:
 CardTable entry size: 512
 CPUs: 16 total, 16 available
 Memory: 15789M
 Large Page Support: Disabled
 NUMA Support: Disabled
 Compressed Oops: Enabled (32-bit)
 Alignments: Space 512K, Generation 512K, Heap 2M
 Heap Min Capacity: 100M
 Heap Initial Capacity: 100M
 Heap Max Capacity: 2G
 Pre-touch: Disabled
 Parallel Workers: 13
Heap:
 PSYoungGen      total 4096K, used 4064K [0x00000000d5580000, 0x00000000d5c80000, 0x0000000100000000)
  eden space 3584K, 100% used [0x00000000d5580000,0x00000000d5900000,0x00000000d5900000)
  from space 512K, 93% used [0x00000000d5b80000,0x00000000d5bf8088,0x00000000d5c00000)
  to   space 512K, 0% used [0x00000000d5c00000,0x00000000d5c00000,0x00000000d5c80000)
 ParOldGen       total 442368K, used 441592K [0x0000000080000000, 0x000000009b000000, 0x00000000d5580000)
  object space 442368K, 99% used [0x0000000080000000,0x000000009af3e328,0x000000009b000000)
 Metaspace       used 69338K, committed 70784K, reserved 1114112K
  class space    used 7319K, committed 7936K, reserved 1048576K
GC Heap History (20 events):
Event: 51.709 GC heap before
{Heap before GC invocations=325 (full 3):
 PSYoungGen      total 5120K, used 5094K [0x00000000d5580000, 0x00000000d6180000, 0x0000000100000000)
  eden space 2560K, 100% used [0x00000000d5580000,0x00000000d5800000,0x00000000d5800000)
  from space 2560K, 99% used [0x00000000d5800000,0x00000000d5a79ba0,0x00000000d5a80000)
  to   space 4608K, 0% used [0x00000000d5d00000,0x00000000d5d00000,0x00000000d6180000)
 ParOldGen       total 398848K, used 398489K [0x0000000080000000, 0x0000000098580000, 0x00000000d5580000)
  object space 398848K, 99% used [0x0000000080000000,0x00000000985265c8,0x0000000098580000)
 Metaspace       used 67755K, committed 69120K, reserved 1114112K
  class space    used 7145K, committed 7680K, reserved 1048576K
}
Event: 51.712 GC heap after
{Heap after GC invocations=325 (full 3):
 PSYoungGen      total 6144K, used 2797K [0x00000000d5580000, 0x00000000d6000000, 0x0000000100000000)
  eden space 3072K, 0% used [0x00000000d5580000,0x00000000d5580000,0x00000000d5880000)
  from space 3072K, 91% used [0x00000000d5d00000,0x00000000d5fbb678,0x00000000d6000000)
  to   space 3584K, 0% used [0x00000000d5900000,0x00000000d5900000,0x00000000d5c80000)
 ParOldGen       total 399360K, used 399297K [0x0000000080000000, 0x0000000098600000, 0x00000000d5580000)
  object space 399360K, 99% used [0x0000000080000000,0x00000000985f05c8,0x0000000098600000)
 Metaspace       used 67755K, committed 69120K, reserved 1114112K
  class space    used 7145K, committed 7680K, reserved 1048576K
}
Event: 51.727 GC heap before
{Heap before GC invocations=326 (full 3):
 PSYoungGen      total 6144K, used 5869K [0x00000000d5580000, 0x00000000d6000000, 0x0000000100000000)
  eden space 3072K, 100% used [0x00000000d5580000,0x00000000d5880000,0x00000000d5880000)
  from space 3072K, 91% used [0x00000000d5d00000,0x00000000d5fbb678,0x00000000d6000000)
  to   space 3584K, 0% used [0x00000000d5900000,0x00000000d5900000,0x00000000d5c80000)
 ParOldGen       total 399360K, used 399297K [0x0000000080000000, 0x0000000098600000, 0x00000000d5580000)
  object space 399360K, 99% used [0x0000000080000000,0x00000000985f05c8,0x0000000098600000)
 Metaspace       used 67774K, committed 69120K, reserved 1114112K
  class space    used 7145K, committed 7680K, reserved 1048576K
}
Event: 51.731 GC heap after
{Heap after GC invocations=326 (full 3):
 PSYoungGen      total 5632K, used 1902K [0x00000000d5580000, 0x00000000d5e80000, 0x0000000100000000)
  eden space 3584K, 0% used [0x00000000d5580000,0x00000000d5580000,0x00000000d5900000)
  from space 2048K, 92% used [0x00000000d5900000,0x00000000d5adbb88,0x00000000d5b00000)
  to   space 2560K, 0% used [0x00000000d5c00000,0x00000000d5c00000,0x00000000d5e80000)
 ParOldGen       total 401920K, used 401585K [0x0000000080000000, 0x0000000098880000, 0x00000000d5580000)
  object space 401920K, 99% used [0x0000000080000000,0x000000009882c728,0x0000000098880000)
 Metaspace       used 67774K, committed 69120K, reserved 1114112K
  class space    used 7145K, committed 7680K, reserved 1048576K
}
Event: 51.812 GC heap before
{Heap before GC invocations=327 (full 3):
 PSYoungGen      total 5632K, used 5486K [0x00000000d5580000, 0x00000000d5e80000, 0x0000000100000000)
  eden space 3584K, 100% used [0x00000000d5580000,0x00000000d5900000,0x00000000d5900000)
  from space 2048K, 92% used [0x00000000d5900000,0x00000000d5adbb88,0x00000000d5b00000)
  to   space 2560K, 0% used [0x00000000d5c00000,0x00000000d5c00000,0x00000000d5e80000)
 ParOldGen       total 401920K, used 401585K [0x0000000080000000, 0x0000000098880000, 0x00000000d5580000)
  object space 401920K, 99% used [0x0000000080000000,0x000000009882c728,0x0000000098880000)
 Metaspace       used 67802K, committed 69248K, reserved 1114112K
  class space    used 7149K, committed 7744K, reserved 1048576K
}
Event: 51.815 GC heap after
{Heap after GC invocations=327 (full 3):
 PSYoungGen      total 5632K, used 1728K [0x00000000d5580000, 0x00000000d5e00000, 0x0000000100000000)
  eden space 3584K, 0% used [0x00000000d5580000,0x00000000d5580000,0x00000000d5900000)
  from space 2048K, 84% used [0x00000000d5c00000,0x00000000d5db0308,0x00000000d5e00000)
  to   space 2048K, 0% used [0x00000000d5900000,0x00000000d5900000,0x00000000d5b00000)
 ParOldGen       total 403456K, used 403293K [0x0000000080000000, 0x0000000098a00000, 0x00000000d5580000)
  object space 403456K, 99% used [0x0000000080000000,0x00000000989d74d0,0x0000000098a00000)
 Metaspace       used 67802K, committed 69248K, reserved 1114112K
  class space    used 7149K, committed 7744K, reserved 1048576K
}
Event: 51.828 GC heap before
{Heap before GC invocations=328 (full 3):
 PSYoungGen      total 5632K, used 5312K [0x00000000d5580000, 0x00000000d5e00000, 0x0000000100000000)
  eden space 3584K, 100% used [0x00000000d5580000,0x00000000d5900000,0x00000000d5900000)
  from space 2048K, 84% used [0x00000000d5c00000,0x00000000d5db0308,0x00000000d5e00000)
  to   space 2048K, 0% used [0x00000000d5900000,0x00000000d5900000,0x00000000d5b00000)
 ParOldGen       total 403456K, used 403293K [0x0000000080000000, 0x0000000098a00000, 0x00000000d5580000)
  object space 403456K, 99% used [0x0000000080000000,0x00000000989d74d0,0x0000000098a00000)
 Metaspace       used 67908K, committed 69312K, reserved 1114112K
  class space    used 7163K, committed 7744K, reserved 1048576K
}
Event: 51.831 GC heap after
{Heap after GC invocations=328 (full 3):
 PSYoungGen      total 5632K, used 2023K [0x00000000d5580000, 0x00000000d6200000, 0x0000000100000000)
  eden space 3584K, 0% used [0x00000000d5580000,0x00000000d5580000,0x00000000d5900000)
  from space 2048K, 98% used [0x00000000d5900000,0x00000000d5af9e90,0x00000000d5b00000)
  to   space 4608K, 0% used [0x00000000d5d80000,0x00000000d5d80000,0x00000000d6200000)
 ParOldGen       total 405504K, used 405084K [0x0000000080000000, 0x0000000098c00000, 0x00000000d5580000)
  object space 405504K, 99% used [0x0000000080000000,0x0000000098b97158,0x0000000098c00000)
 Metaspace       used 67908K, committed 69312K, reserved 1114112K
  class space    used 7163K, committed 7744K, reserved 1048576K
}
Event: 51.871 GC heap before
{Heap before GC invocations=329 (full 3):
 PSYoungGen      total 5632K, used 5597K [0x00000000d5580000, 0x00000000d6200000, 0x0000000100000000)
  eden space 3584K, 99% used [0x00000000d5580000,0x00000000d58fd600,0x00000000d5900000)
  from space 2048K, 98% used [0x00000000d5900000,0x00000000d5af9e90,0x00000000d5b00000)
  to   space 4608K, 0% used [0x00000000d5d80000,0x00000000d5d80000,0x00000000d6200000)
 ParOldGen       total 405504K, used 405084K [0x0000000080000000, 0x0000000098c00000, 0x00000000d5580000)
  object space 405504K, 99% used [0x0000000080000000,0x0000000098b97158,0x0000000098c00000)
 Metaspace       used 68099K, committed 69504K, reserved 1114112K
  class space    used 7193K, committed 7744K, reserved 1048576K
}
Event: 51.874 GC heap after
{Heap after GC invocations=329 (full 3):
 PSYoungGen      total 5120K, used 1291K [0x00000000d5580000, 0x00000000d5f00000, 0x0000000100000000)
  eden space 3584K, 0% used [0x00000000d5580000,0x00000000d5580000,0x00000000d5900000)
  from space 1536K, 84% used [0x00000000d5d80000,0x00000000d5ec2c90,0x00000000d5f00000)
  to   space 2560K, 0% used [0x00000000d5a00000,0x00000000d5a00000,0x00000000d5c80000)
 ParOldGen       total 407552K, used 407089K [0x0000000080000000, 0x0000000098e00000, 0x00000000d5580000)
  object space 407552K, 99% used [0x0000000080000000,0x0000000098d8c690,0x0000000098e00000)
 Metaspace       used 68099K, committed 69504K, reserved 1114112K
  class space    used 7193K, committed 7744K, reserved 1048576K
}
Event: 51.899 GC heap before
{Heap before GC invocations=330 (full 3):
 PSYoungGen      total 5120K, used 4082K [0x00000000d5580000, 0x00000000d5f00000, 0x0000000100000000)
  eden space 3584K, 77% used [0x00000000d5580000,0x00000000d5839f58,0x00000000d5900000)
  from space 1536K, 84% used [0x00000000d5d80000,0x00000000d5ec2c90,0x00000000d5f00000)
  to   space 2560K, 0% used [0x00000000d5a00000,0x00000000d5a00000,0x00000000d5c80000)
 ParOldGen       total 407552K, used 407089K [0x0000000080000000, 0x0000000098e00000, 0x00000000d5580000)
  object space 407552K, 99% used [0x0000000080000000,0x0000000098d8c690,0x0000000098e00000)
 Metaspace       used 68206K, committed 69568K, reserved 1114112K
  class space    used 7198K, committed 7744K, reserved 1048576K
}
Event: 51.901 GC heap after
{Heap after GC invocations=330 (full 3):
 PSYoungGen      total 6144K, used 2050K [0x00000000d5580000, 0x00000000d5e00000, 0x0000000100000000)
  eden space 3584K, 0% used [0x00000000d5580000,0x00000000d5580000,0x00000000d5900000)
  from space 2560K, 80% used [0x00000000d5a00000,0x00000000d5c00958,0x00000000d5c80000)
  to   space 1536K, 0% used [0x00000000d5c80000,0x00000000d5c80000,0x00000000d5e00000)
 ParOldGen       total 408576K, used 408146K [0x0000000080000000, 0x0000000098f00000, 0x00000000d5580000)
  object space 408576K, 99% used [0x0000000080000000,0x0000000098e94b20,0x0000000098f00000)
 Metaspace       used 68206K, committed 69568K, reserved 1114112K
  class space    used 7198K, committed 7744K, reserved 1048576K
}
Event: 51.919 GC heap before
{Heap before GC invocations=331 (full 3):
 PSYoungGen      total 6144K, used 5633K [0x00000000d5580000, 0x00000000d5e00000, 0x0000000100000000)
  eden space 3584K, 99% used [0x00000000d5580000,0x00000000d58ffe98,0x00000000d5900000)
  from space 2560K, 80% used [0x00000000d5a00000,0x00000000d5c00958,0x00000000d5c80000)
  to   space 1536K, 0% used [0x00000000d5c80000,0x00000000d5c80000,0x00000000d5e00000)
 ParOldGen       total 408576K, used 408146K [0x0000000080000000, 0x0000000098f00000, 0x00000000d5580000)
  object space 408576K, 99% used [0x0000000080000000,0x0000000098e94b20,0x0000000098f00000)
 Metaspace       used 68399K, committed 69824K, reserved 1114112K
  class space    used 7213K, committed 7808K, reserved 1048576K
}
Event: 51.921 GC heap after
{Heap after GC invocations=331 (full 3):
 PSYoungGen      total 4096K, used 320K [0x00000000d5580000, 0x00000000d5d00000, 0x0000000100000000)
  eden space 3584K, 0% used [0x00000000d5580000,0x00000000d5580000,0x00000000d5900000)
  from space 512K, 62% used [0x00000000d5c80000,0x00000000d5cd0000,0x00000000d5d00000)
  to   space 1024K, 0% used [0x00000000d5b00000,0x00000000d5b00000,0x00000000d5c00000)
 ParOldGen       total 411648K, used 411149K [0x0000000080000000, 0x0000000099200000, 0x00000000d5580000)
  object space 411648K, 99% used [0x0000000080000000,0x00000000991837a8,0x0000000099200000)
 Metaspace       used 68399K, committed 69824K, reserved 1114112K
  class space    used 7213K, committed 7808K, reserved 1048576K
}
Event: 51.937 GC heap before
{Heap before GC invocations=332 (full 3):
 PSYoungGen      total 4096K, used 3442K [0x00000000d5580000, 0x00000000d5d00000, 0x0000000100000000)
  eden space 3584K, 87% used [0x00000000d5580000,0x00000000d588caa0,0x00000000d5900000)
  from space 512K, 62% used [0x00000000d5c80000,0x00000000d5cd0000,0x00000000d5d00000)
  to   space 1024K, 0% used [0x00000000d5b00000,0x00000000d5b00000,0x00000000d5c00000)
 ParOldGen       total 411648K, used 411149K [0x0000000080000000, 0x0000000099200000, 0x00000000d5580000)
  object space 411648K, 99% used [0x0000000080000000,0x00000000991837a8,0x0000000099200000)
 Metaspace       used 68573K, committed 70016K, reserved 1114112K
  class space    used 7231K, committed 7872K, reserved 1048576K
}
Event: 51.938 GC heap after
{Heap after GC invocations=332 (full 3):
 PSYoungGen      total 4608K, used 591K [0x00000000d5580000, 0x00000000d5d00000, 0x0000000100000000)
  eden space 3584K, 0% used [0x00000000d5580000,0x00000000d5580000,0x00000000d5900000)
  from space 1024K, 57% used [0x00000000d5b00000,0x00000000d5b93d90,0x00000000d5c00000)
  to   space 1024K, 0% used [0x00000000d5c00000,0x00000000d5c00000,0x00000000d5d00000)
 ParOldGen       total 413184K, used 412535K [0x0000000080000000, 0x0000000099380000, 0x00000000d5580000)
  object space 413184K, 99% used [0x0000000080000000,0x00000000992ddf28,0x0000000099380000)
 Metaspace       used 68573K, committed 70016K, reserved 1114112K
  class space    used 7231K, committed 7872K, reserved 1048576K
}
Event: 51.953 GC heap before
{Heap before GC invocations=333 (full 3):
 PSYoungGen      total 4608K, used 4175K [0x00000000d5580000, 0x00000000d5d00000, 0x0000000100000000)
  eden space 3584K, 99% used [0x00000000d5580000,0x00000000d58ffff8,0x00000000d5900000)
  from space 1024K, 57% used [0x00000000d5b00000,0x00000000d5b93d90,0x00000000d5c00000)
  to   space 1024K, 0% used [0x00000000d5c00000,0x00000000d5c00000,0x00000000d5d00000)
 ParOldGen       total 419328K, used 418312K [0x0000000080000000, 0x0000000099980000, 0x00000000d5580000)
  object space 419328K, 99% used [0x0000000080000000,0x0000000099882370,0x0000000099980000)
 Metaspace       used 68873K, committed 70272K, reserved 1114112K
  class space    used 7267K, committed 7872K, reserved 1048576K
}
Event: 51.955 GC heap after
{Heap after GC invocations=333 (full 3):
 PSYoungGen      total 4096K, used 384K [0x00000000d5580000, 0x00000000d5c80000, 0x0000000100000000)
  eden space 3584K, 0% used [0x00000000d5580000,0x00000000d5580000,0x00000000d5900000)
  from space 512K, 75% used [0x00000000d5c00000,0x00000000d5c60000,0x00000000d5c80000)
  to   space 512K, 0% used [0x00000000d5b80000,0x00000000d5b80000,0x00000000d5c00000)
 ParOldGen       total 419328K, used 418419K [0x0000000080000000, 0x0000000099980000, 0x00000000d5580000)
  object space 419328K, 99% used [0x0000000080000000,0x000000009989cf78,0x0000000099980000)
 Metaspace       used 68873K, committed 70272K, reserved 1114112K
  class space    used 7267K, committed 7872K, reserved 1048576K
}
Event: 51.993 GC heap before
{Heap before GC invocations=334 (full 3):
 PSYoungGen      total 4096K, used 3968K [0x00000000d5580000, 0x00000000d5c80000, 0x0000000100000000)
  eden space 3584K, 100% used [0x00000000d5580000,0x00000000d5900000,0x00000000d5900000)
  from space 512K, 75% used [0x00000000d5c00000,0x00000000d5c60000,0x00000000d5c80000)
  to   space 512K, 0% used [0x00000000d5b80000,0x00000000d5b80000,0x00000000d5c00000)
 ParOldGen       total 442368K, used 441403K [0x0000000080000000, 0x000000009b000000, 0x00000000d5580000)
  object space 442368K, 99% used [0x0000000080000000,0x000000009af0ee98,0x000000009b000000)
 Metaspace       used 69065K, committed 70528K, reserved 1114112K
  class space    used 7287K, committed 7936K, reserved 1048576K
}
Event: 51.994 GC heap after
{Heap after GC invocations=334 (full 3):
 PSYoungGen      total 4096K, used 480K [0x00000000d5580000, 0x00000000d5c80000, 0x0000000100000000)
  eden space 3584K, 0% used [0x00000000d5580000,0x00000000d5580000,0x00000000d5900000)
  from space 512K, 93% used [0x00000000d5b80000,0x00000000d5bf8088,0x00000000d5c00000)
  to   space 512K, 0% used [0x00000000d5c00000,0x00000000d5c00000,0x00000000d5c80000)
 ParOldGen       total 442368K, used 441592K [0x0000000080000000, 0x000000009b000000, 0x00000000d5580000)
  object space 442368K, 99% used [0x0000000080000000,0x000000009af3e328,0x000000009b000000)
 Metaspace       used 69065K, committed 70528K, reserved 1114112K
  class space    used 7287K, committed 7936K, reserved 1048576K
}

