# JRE version: OpenJDK Runtime Environment Temurin-21.0.8+9 (21.0.8+9) (build 21.0.8+9-LTS)
# Java VM: OpenJDK 64-Bit Server VM Temurin-21.0.8+9 (21.0.8+9-LTS, mixed mode, sharing, tiered, compressed oops, compressed class ptrs, parallel gc, windows-amd64)
GC Precious Log:
 CardTable entry size: 512
 CPUs: 16 total, 16 available
 Memory: 15789M
 Large Page Support: Disabled
 NUMA Support: Disabled
 Compressed Oops: Enabled (32-bit)
 Alignments: Space 512K, Generation 512K, Heap 2M
 Heap Min Capacity: 100M
 Heap Initial Capacity: 100M
 Heap Max Capacity: 2G
 Pre-touch: Disabled
 Parallel Workers: 13
Heap:
 PSYoungGen      total 3072K, used 2880K [0x00000000d5580000, 0x00000000d5980000, 0x0000000100000000)
  eden space 2048K, 100% used [0x00000000d5580000,0x00000000d5780000,0x00000000d5780000)
  from space 1024K, 81% used [0x00000000d5780000,0x00000000d5850000,0x00000000d5880000)
  to   space 1024K, 0% used [0x00000000d5880000,0x00000000d5880000,0x00000000d5980000)
 ParOldGen       total 717312K, used 396036K [0x0000000080000000, 0x00000000abc80000, 0x00000000d5580000)
  object space 717312K, 55% used [0x0000000080000000,0x00000000982c1298,0x00000000abc80000)
 Metaspace       used 89322K, committed 91072K, reserved 1179648K
  class space    used 9133K, committed 9920K, reserved 1048576K
GC Heap History (20 events):
Event: 719.073 GC heap after
{Heap after GC invocations=2938 (full 5):
 PSYoungGen      total 3072K, used 500K [0x00000000d5580000, 0x00000000d5b00000, 0x0000000100000000)
  eden space 2560K, 0% used [0x00000000d5580000,0x00000000d5580000,0x00000000d5800000)
  from space 512K, 97% used [0x00000000d5880000,0x00000000d58fd170,0x00000000d5900000)
  to   space 1536K, 0% used [0x00000000d5980000,0x00000000d5980000,0x00000000d5b00000)
 ParOldGen       total 717312K, used 390910K [0x0000000080000000, 0x00000000abc80000, 0x00000000d5580000)
  object space 717312K, 54% used [0x0000000080000000,0x0000000097dbf8b8,0x00000000abc80000)
 Metaspace       used 89321K, committed 91072K, reserved 1179648K
  class space    used 9133K, committed 9920K, reserved 1048576K
}
Event: 719.081 GC heap before
{Heap before GC invocations=2939 (full 5):
 PSYoungGen      total 3072K, used 3060K [0x00000000d5580000, 0x00000000d5b00000, 0x0000000100000000)
  eden space 2560K, 100% used [0x00000000d5580000,0x00000000d5800000,0x00000000d5800000)
  from space 512K, 97% used [0x00000000d5880000,0x00000000d58fd170,0x00000000d5900000)
  to   space 1536K, 0% used [0x00000000d5980000,0x00000000d5980000,0x00000000d5b00000)
 ParOldGen       total 717312K, used 390910K [0x0000000080000000, 0x00000000abc80000, 0x00000000d5580000)
  object space 717312K, 54% used [0x0000000080000000,0x0000000097dbf8b8,0x00000000abc80000)
 Metaspace       used 89321K, committed 91072K, reserved 1179648K
  class space    used 9133K, committed 9920K, reserved 1048576K
}
Event: 719.082 GC heap after
{Heap after GC invocations=2939 (full 5):
 PSYoungGen      total 3584K, used 790K [0x00000000d5580000, 0x00000000d5a80000, 0x0000000100000000)
  eden space 2560K, 0% used [0x00000000d5580000,0x00000000d5580000,0x00000000d5800000)
  from space 1024K, 77% used [0x00000000d5980000,0x00000000d5a45930,0x00000000d5a80000)
  to   space 1024K, 0% used [0x00000000d5880000,0x00000000d5880000,0x00000000d5980000)
 ParOldGen       total 717312K, used 391434K [0x0000000080000000, 0x00000000abc80000, 0x00000000d5580000)
  object space 717312K, 54% used [0x0000000080000000,0x0000000097e42a28,0x00000000abc80000)
 Metaspace       used 89321K, committed 91072K, reserved 1179648K
  class space    used 9133K, committed 9920K, reserved 1048576K
}
Event: 719.090 GC heap before
{Heap before GC invocations=2940 (full 5):
 PSYoungGen      total 3584K, used 3350K [0x00000000d5580000, 0x00000000d5a80000, 0x0000000100000000)
  eden space 2560K, 100% used [0x00000000d5580000,0x00000000d5800000,0x00000000d5800000)
  from space 1024K, 77% used [0x00000000d5980000,0x00000000d5a45930,0x00000000d5a80000)
  to   space 1024K, 0% used [0x00000000d5880000,0x00000000d5880000,0x00000000d5980000)
 ParOldGen       total 717312K, used 391434K [0x0000000080000000, 0x00000000abc80000, 0x00000000d5580000)
  object space 717312K, 54% used [0x0000000080000000,0x0000000097e42a28,0x00000000abc80000)
 Metaspace       used 89321K, committed 91072K, reserved 1179648K
  class space    used 9133K, committed 9920K, reserved 1048576K
}
Event: 719.092 GC heap after
{Heap after GC invocations=2940 (full 5):
 PSYoungGen      total 3584K, used 756K [0x00000000d5580000, 0x00000000d5a00000, 0x0000000100000000)
  eden space 2560K, 0% used [0x00000000d5580000,0x00000000d5580000,0x00000000d5800000)
  from space 1024K, 73% used [0x00000000d5880000,0x00000000d593d190,0x00000000d5980000)
  to   space 512K, 0% used [0x00000000d5980000,0x00000000d5980000,0x00000000d5a00000)
 ParOldGen       total 717312K, used 392061K [0x0000000080000000, 0x00000000abc80000, 0x00000000d5580000)
  object space 717312K, 54% used [0x0000000080000000,0x0000000097edf708,0x00000000abc80000)
 Metaspace       used 89321K, committed 91072K, reserved 1179648K
  class space    used 9133K, committed 9920K, reserved 1048576K
}
Event: 719.363 GC heap before
{Heap before GC invocations=2941 (full 5):
 PSYoungGen      total 3584K, used 3316K [0x00000000d5580000, 0x00000000d5a00000, 0x0000000100000000)
  eden space 2560K, 100% used [0x00000000d5580000,0x00000000d5800000,0x00000000d5800000)
  from space 1024K, 73% used [0x00000000d5880000,0x00000000d593d190,0x00000000d5980000)
  to   space 512K, 0% used [0x00000000d5980000,0x00000000d5980000,0x00000000d5a00000)
 ParOldGen       total 717312K, used 392061K [0x0000000080000000, 0x00000000abc80000, 0x00000000d5580000)
  object space 717312K, 54% used [0x0000000080000000,0x0000000097edf708,0x00000000abc80000)
 Metaspace       used 89322K, committed 91072K, reserved 1179648K
  class space    used 9133K, committed 9920K, reserved 1048576K
}
Event: 719.364 GC heap after
{Heap after GC invocations=2941 (full 5):
 PSYoungGen      total 3072K, used 486K [0x00000000d5580000, 0x00000000d5a00000, 0x0000000100000000)
  eden space 2560K, 0% used [0x00000000d5580000,0x00000000d5580000,0x00000000d5800000)
  from space 512K, 94% used [0x00000000d5980000,0x00000000d59f9920,0x00000000d5a00000)
  to   space 1024K, 0% used [0x00000000d5800000,0x00000000d5800000,0x00000000d5900000)
 ParOldGen       total 717312K, used 392610K [0x0000000080000000, 0x00000000abc80000, 0x00000000d5580000)
  object space 717312K, 54% used [0x0000000080000000,0x0000000097f68898,0x00000000abc80000)
 Metaspace       used 89322K, committed 91072K, reserved 1179648K
  class space    used 9133K, committed 9920K, reserved 1048576K
}
Event: 719.369 GC heap before
{Heap before GC invocations=2942 (full 5):
 PSYoungGen      total 3072K, used 3046K [0x00000000d5580000, 0x00000000d5a00000, 0x0000000100000000)
  eden space 2560K, 100% used [0x00000000d5580000,0x00000000d5800000,0x00000000d5800000)
  from space 512K, 94% used [0x00000000d5980000,0x00000000d59f9920,0x00000000d5a00000)
  to   space 1024K, 0% used [0x00000000d5800000,0x00000000d5800000,0x00000000d5900000)
 ParOldGen       total 717312K, used 392610K [0x0000000080000000, 0x00000000abc80000, 0x00000000d5580000)
  object space 717312K, 54% used [0x0000000080000000,0x0000000097f68898,0x00000000abc80000)
 Metaspace       used 89322K, committed 91072K, reserved 1179648K
  class space    used 9133K, committed 9920K, reserved 1048576K
}
Event: 719.370 GC heap after
{Heap after GC invocations=2942 (full 5):
 PSYoungGen      total 3584K, used 995K [0x00000000d5580000, 0x00000000d5b00000, 0x0000000100000000)
  eden space 2560K, 0% used [0x00000000d5580000,0x00000000d5580000,0x00000000d5800000)
  from space 1024K, 97% used [0x00000000d5800000,0x00000000d58f8cb0,0x00000000d5900000)
  to   space 1536K, 0% used [0x00000000d5980000,0x00000000d5980000,0x00000000d5b00000)
 ParOldGen       total 717312K, used 392779K [0x0000000080000000, 0x00000000abc80000, 0x00000000d5580000)
  object space 717312K, 54% used [0x0000000080000000,0x0000000097f92e98,0x00000000abc80000)
 Metaspace       used 89322K, committed 91072K, reserved 1179648K
  class space    used 9133K, committed 9920K, reserved 1048576K
}
Event: 719.375 GC heap before
{Heap before GC invocations=2943 (full 5):
 PSYoungGen      total 3584K, used 3555K [0x00000000d5580000, 0x00000000d5b00000, 0x0000000100000000)
  eden space 2560K, 100% used [0x00000000d5580000,0x00000000d5800000,0x00000000d5800000)
  from space 1024K, 97% used [0x00000000d5800000,0x00000000d58f8cb0,0x00000000d5900000)
  to   space 1536K, 0% used [0x00000000d5980000,0x00000000d5980000,0x00000000d5b00000)
 ParOldGen       total 717312K, used 392779K [0x0000000080000000, 0x00000000abc80000, 0x00000000d5580000)
  object space 717312K, 54% used [0x0000000080000000,0x0000000097f92e98,0x00000000abc80000)
 Metaspace       used 89322K, committed 91072K, reserved 1179648K
  class space    used 9133K, committed 9920K, reserved 1048576K
}
Event: 719.376 GC heap after
{Heap after GC invocations=2943 (full 5):
 PSYoungGen      total 3584K, used 544K [0x00000000d5580000, 0x00000000d5a80000, 0x0000000100000000)
  eden space 2560K, 0% used [0x00000000d5580000,0x00000000d5580000,0x00000000d5800000)
  from space 1024K, 53% used [0x00000000d5980000,0x00000000d5a08000,0x00000000d5a80000)
  to   space 1024K, 0% used [0x00000000d5800000,0x00000000d5800000,0x00000000d5900000)
 ParOldGen       total 717312K, used 393664K [0x0000000080000000, 0x00000000abc80000, 0x00000000d5580000)
  object space 717312K, 54% used [0x0000000080000000,0x00000000980701d8,0x00000000abc80000)
 Metaspace       used 89322K, committed 91072K, reserved 1179648K
  class space    used 9133K, committed 9920K, reserved 1048576K
}
Event: 719.383 GC heap before
{Heap before GC invocations=2944 (full 5):
 PSYoungGen      total 3584K, used 3104K [0x00000000d5580000, 0x00000000d5a80000, 0x0000000100000000)
  eden space 2560K, 100% used [0x00000000d5580000,0x00000000d5800000,0x00000000d5800000)
  from space 1024K, 53% used [0x00000000d5980000,0x00000000d5a08000,0x00000000d5a80000)
  to   space 1024K, 0% used [0x00000000d5800000,0x00000000d5800000,0x00000000d5900000)
 ParOldGen       total 717312K, used 393664K [0x0000000080000000, 0x00000000abc80000, 0x00000000d5580000)
  object space 717312K, 54% used [0x0000000080000000,0x00000000980701d8,0x00000000abc80000)
 Metaspace       used 89322K, committed 91072K, reserved 1179648K
  class space    used 9133K, committed 9920K, reserved 1048576K
}
Event: 719.384 GC heap after
{Heap after GC invocations=2944 (full 5):
 PSYoungGen      total 3584K, used 835K [0x00000000d5580000, 0x00000000d5a00000, 0x0000000100000000)
  eden space 2560K, 0% used [0x00000000d5580000,0x00000000d5580000,0x00000000d5800000)
  from space 1024K, 81% used [0x00000000d5800000,0x00000000d58d0c90,0x00000000d5900000)
  to   space 1024K, 0% used [0x00000000d5900000,0x00000000d5900000,0x00000000d5a00000)
 ParOldGen       total 717312K, used 393991K [0x0000000080000000, 0x00000000abc80000, 0x00000000d5580000)
  object space 717312K, 54% used [0x0000000080000000,0x00000000980c1fb8,0x00000000abc80000)
 Metaspace       used 89322K, committed 91072K, reserved 1179648K
  class space    used 9133K, committed 9920K, reserved 1048576K
}
Event: 719.391 GC heap before
{Heap before GC invocations=2945 (full 5):
 PSYoungGen      total 3584K, used 3395K [0x00000000d5580000, 0x00000000d5a00000, 0x0000000100000000)
  eden space 2560K, 100% used [0x00000000d5580000,0x00000000d5800000,0x00000000d5800000)
  from space 1024K, 81% used [0x00000000d5800000,0x00000000d58d0c90,0x00000000d5900000)
  to   space 1024K, 0% used [0x00000000d5900000,0x00000000d5900000,0x00000000d5a00000)
 ParOldGen       total 717312K, used 393991K [0x0000000080000000, 0x00000000abc80000, 0x00000000d5580000)
  object space 717312K, 54% used [0x0000000080000000,0x00000000980c1fb8,0x00000000abc80000)
 Metaspace       used 89322K, committed 91072K, reserved 1179648K
  class space    used 9133K, committed 9920K, reserved 1048576K
}
Event: 719.392 GC heap after
{Heap after GC invocations=2945 (full 5):
 PSYoungGen      total 3584K, used 384K [0x00000000d5580000, 0x00000000d5a00000, 0x0000000100000000)
  eden space 2560K, 0% used [0x00000000d5580000,0x00000000d5580000,0x00000000d5800000)
  from space 1024K, 37% used [0x00000000d5900000,0x00000000d5960000,0x00000000d5a00000)
  to   space 1024K, 0% used [0x00000000d5800000,0x00000000d5800000,0x00000000d5900000)
 ParOldGen       total 717312K, used 394726K [0x0000000080000000, 0x00000000abc80000, 0x00000000d5580000)
  object space 717312K, 55% used [0x0000000080000000,0x0000000098179bd8,0x00000000abc80000)
 Metaspace       used 89322K, committed 91072K, reserved 1179648K
  class space    used 9133K, committed 9920K, reserved 1048576K
}
Event: 719.399 GC heap before
{Heap before GC invocations=2946 (full 5):
 PSYoungGen      total 3584K, used 2944K [0x00000000d5580000, 0x00000000d5a00000, 0x0000000100000000)
  eden space 2560K, 100% used [0x00000000d5580000,0x00000000d5800000,0x00000000d5800000)
  from space 1024K, 37% used [0x00000000d5900000,0x00000000d5960000,0x00000000d5a00000)
  to   space 1024K, 0% used [0x00000000d5800000,0x00000000d5800000,0x00000000d5900000)
 ParOldGen       total 717312K, used 394726K [0x0000000080000000, 0x00000000abc80000, 0x00000000d5580000)
  object space 717312K, 55% used [0x0000000080000000,0x0000000098179bd8,0x00000000abc80000)
 Metaspace       used 89322K, committed 91072K, reserved 1179648K
  class space    used 9133K, committed 9920K, reserved 1048576K
}
Event: 719.400 GC heap after
{Heap after GC invocations=2946 (full 5):
 PSYoungGen      total 3584K, used 384K [0x00000000d5580000, 0x00000000d5980000, 0x0000000100000000)
  eden space 2560K, 0% used [0x00000000d5580000,0x00000000d5580000,0x00000000d5800000)
  from space 1024K, 37% used [0x00000000d5800000,0x00000000d5860000,0x00000000d5900000)
  to   space 512K, 0% used [0x00000000d5900000,0x00000000d5900000,0x00000000d5980000)
 ParOldGen       total 717312K, used 394766K [0x0000000080000000, 0x00000000abc80000, 0x00000000d5580000)
  object space 717312K, 55% used [0x0000000080000000,0x0000000098183bd8,0x00000000abc80000)
 Metaspace       used 89322K, committed 91072K, reserved 1179648K
  class space    used 9133K, committed 9920K, reserved 1048576K
}
Event: 719.408 GC heap before
{Heap before GC invocations=2947 (full 5):
 PSYoungGen      total 3584K, used 2944K [0x00000000d5580000, 0x00000000d5980000, 0x0000000100000000)
  eden space 2560K, 100% used [0x00000000d5580000,0x00000000d5800000,0x00000000d5800000)
  from space 1024K, 37% used [0x00000000d5800000,0x00000000d5860000,0x00000000d5900000)
  to   space 512K, 0% used [0x00000000d5900000,0x00000000d5900000,0x00000000d5980000)
 ParOldGen       total 717312K, used 394766K [0x0000000080000000, 0x00000000abc80000, 0x00000000d5580000)
  object space 717312K, 55% used [0x0000000080000000,0x0000000098183bd8,0x00000000abc80000)
 Metaspace       used 89322K, committed 91072K, reserved 1179648K
  class space    used 9133K, committed 9920K, reserved 1048576K
}
Event: 719.409 GC heap after
{Heap after GC invocations=2947 (full 5):
 PSYoungGen      total 3072K, used 384K [0x00000000d5580000, 0x00000000d5980000, 0x0000000100000000)
  eden space 2560K, 0% used [0x00000000d5580000,0x00000000d5580000,0x00000000d5800000)
  from space 512K, 75% used [0x00000000d5900000,0x00000000d5960000,0x00000000d5980000)
  to   space 512K, 0% used [0x00000000d5880000,0x00000000d5880000,0x00000000d5900000)
 ParOldGen       total 717312K, used 394846K [0x0000000080000000, 0x00000000abc80000, 0x00000000d5580000)
  object space 717312K, 55% used [0x0000000080000000,0x0000000098197bd8,0x00000000abc80000)
 Metaspace       used 89322K, committed 91072K, reserved 1179648K
  class space    used 9133K, committed 9920K, reserved 1048576K
}
Event: 720.594 GC heap before
{Heap before GC invocations=2948 (full 5):
 PSYoungGen      total 3072K, used 2944K [0x00000000d5580000, 0x00000000d5980000, 0x0000000100000000)
  eden space 2560K, 100% used [0x00000000d5580000,0x00000000d5800000,0x00000000d5800000)
  from space 512K, 75% used [0x00000000d5900000,0x00000000d5960000,0x00000000d5980000)
  to   space 512K, 0% used [0x00000000d5880000,0x00000000d5880000,0x00000000d5900000)
 ParOldGen       total 717312K, used 394846K [0x0000000080000000, 0x00000000abc80000, 0x00000000d5580000)
  object space 717312K, 55% used [0x0000000080000000,0x0000000098197bd8,0x00000000abc80000)
 Metaspace       used 89322K, committed 91072K, reserved 1179648K
  class space    used 9133K, committed 9920K, reserved 1048576K
}

