# JRE version: OpenJDK Runtime Environment Temurin-21.0.8+9 (21.0.8+9) (build 21.0.8+9-LTS)
# Java VM: OpenJDK 64-Bit Server VM Temurin-21.0.8+9 (21.0.8+9-LTS, mixed mode, sharing, tiered, compressed oops, compressed class ptrs, parallel gc, windows-amd64)
GC Precious Log:
 CardTable entry size: 512
 CPUs: 16 total, 16 available
 Memory: 15789M
 Large Page Support: Disabled
 NUMA Support: Disabled
 Compressed Oops: Enabled (32-bit)
 Alignments: Space 512K, Generation 512K, Heap 2M
 Heap Min Capacity: 100M
 Heap Initial Capacity: 100M
 Heap Max Capacity: 2G
 Pre-touch: Disabled
 Parallel Workers: 13
Heap:
 PSYoungGen      total 4608K, used 3502K [0x00000000d5580000, 0x00000000d5b00000, 0x0000000100000000)
  eden space 4096K, 75% used [0x00000000d5580000,0x00000000d5883860,0x00000000d5980000)
  from space 512K, 81% used [0x00000000d5a80000,0x00000000d5ae8000,0x00000000d5b00000)
  to   space 512K, 0% used [0x00000000d5a00000,0x00000000d5a00000,0x00000000d5a80000)
 ParOldGen       total 735744K, used 218954K [0x0000000080000000, 0x00000000ace80000, 0x00000000d5580000)
  object space 735744K, 29% used [0x0000000080000000,0x000000008d5d2b78,0x00000000ace80000)
 Metaspace       used 80380K, committed 82048K, reserved 1179648K
  class space    used 8366K, committed 9088K, reserved 1048576K
GC Heap History (20 events):
Event: 156.842 GC heap before
{Heap before GC invocations=1059 (full 4):
 PSYoungGen      total 4608K, used 4512K [0x00000000d5580000, 0x00000000d5b00000, 0x0000000100000000)
  eden space 4096K, 100% used [0x00000000d5580000,0x00000000d5980000,0x00000000d5980000)
  from space 512K, 81% used [0x00000000d5a80000,0x00000000d5ae8000,0x00000000d5b00000)
  to   space 512K, 0% used [0x00000000d5a00000,0x00000000d5a00000,0x00000000d5a80000)
 ParOldGen       total 735744K, used 216037K [0x0000000080000000, 0x00000000ace80000, 0x00000000d5580000)
  object space 735744K, 29% used [0x0000000080000000,0x000000008d2f9538,0x00000000ace80000)
 Metaspace       used 79281K, committed 80960K, reserved 1179648K
  class space    used 8232K, committed 8960K, reserved 1048576K
}
Event: 156.843 GC heap after
{Heap after GC invocations=1059 (full 4):
 PSYoungGen      total 4608K, used 416K [0x00000000d5580000, 0x00000000d5b00000, 0x0000000100000000)
  eden space 4096K, 0% used [0x00000000d5580000,0x00000000d5580000,0x00000000d5980000)
  from space 512K, 81% used [0x00000000d5a00000,0x00000000d5a68000,0x00000000d5a80000)
  to   space 512K, 0% used [0x00000000d5a80000,0x00000000d5a80000,0x00000000d5b00000)
 ParOldGen       total 735744K, used 216157K [0x0000000080000000, 0x00000000ace80000, 0x00000000d5580000)
  object space 735744K, 29% used [0x0000000080000000,0x000000008d317538,0x00000000ace80000)
 Metaspace       used 79281K, committed 80960K, reserved 1179648K
  class space    used 8232K, committed 8960K, reserved 1048576K
}
Event: 156.917 GC heap before
{Heap before GC invocations=1060 (full 4):
 PSYoungGen      total 4608K, used 4512K [0x00000000d5580000, 0x00000000d5b00000, 0x0000000100000000)
  eden space 4096K, 100% used [0x00000000d5580000,0x00000000d5980000,0x00000000d5980000)
  from space 512K, 81% used [0x00000000d5a00000,0x00000000d5a68000,0x00000000d5a80000)
  to   space 512K, 0% used [0x00000000d5a80000,0x00000000d5a80000,0x00000000d5b00000)
 ParOldGen       total 735744K, used 216157K [0x0000000080000000, 0x00000000ace80000, 0x00000000d5580000)
  object space 735744K, 29% used [0x0000000080000000,0x000000008d317538,0x00000000ace80000)
 Metaspace       used 79814K, committed 81472K, reserved 1179648K
  class space    used 8295K, committed 9024K, reserved 1048576K
}
Event: 156.918 GC heap after
{Heap after GC invocations=1060 (full 4):
 PSYoungGen      total 4608K, used 416K [0x00000000d5580000, 0x00000000d5b00000, 0x0000000100000000)
  eden space 4096K, 0% used [0x00000000d5580000,0x00000000d5580000,0x00000000d5980000)
  from space 512K, 81% used [0x00000000d5a80000,0x00000000d5ae8000,0x00000000d5b00000)
  to   space 512K, 0% used [0x00000000d5a00000,0x00000000d5a00000,0x00000000d5a80000)
 ParOldGen       total 735744K, used 216277K [0x0000000080000000, 0x00000000ace80000, 0x00000000d5580000)
  object space 735744K, 29% used [0x0000000080000000,0x000000008d335538,0x00000000ace80000)
 Metaspace       used 79814K, committed 81472K, reserved 1179648K
  class space    used 8295K, committed 9024K, reserved 1048576K
}
Event: 157.426 GC heap before
{Heap before GC invocations=1061 (full 4):
 PSYoungGen      total 4608K, used 4512K [0x00000000d5580000, 0x00000000d5b00000, 0x0000000100000000)
  eden space 4096K, 100% used [0x00000000d5580000,0x00000000d5980000,0x00000000d5980000)
  from space 512K, 81% used [0x00000000d5a80000,0x00000000d5ae8000,0x00000000d5b00000)
  to   space 512K, 0% used [0x00000000d5a00000,0x00000000d5a00000,0x00000000d5a80000)
 ParOldGen       total 735744K, used 216277K [0x0000000080000000, 0x00000000ace80000, 0x00000000d5580000)
  object space 735744K, 29% used [0x0000000080000000,0x000000008d335538,0x00000000ace80000)
 Metaspace       used 79924K, committed 81600K, reserved 1179648K
  class space    used 8310K, committed 9024K, reserved 1048576K
}
Event: 157.427 GC heap after
{Heap after GC invocations=1061 (full 4):
 PSYoungGen      total 4608K, used 506K [0x00000000d5580000, 0x00000000d5c80000, 0x0000000100000000)
  eden space 4096K, 0% used [0x00000000d5580000,0x00000000d5580000,0x00000000d5980000)
  from space 512K, 98% used [0x00000000d5a00000,0x00000000d5a7ead0,0x00000000d5a80000)
  to   space 1536K, 0% used [0x00000000d5b00000,0x00000000d5b00000,0x00000000d5c80000)
 ParOldGen       total 735744K, used 216873K [0x0000000080000000, 0x00000000ace80000, 0x00000000d5580000)
  object space 735744K, 29% used [0x0000000080000000,0x000000008d3ca6e8,0x00000000ace80000)
 Metaspace       used 79924K, committed 81600K, reserved 1179648K
  class space    used 8310K, committed 9024K, reserved 1048576K
}
Event: 157.458 GC heap before
{Heap before GC invocations=1062 (full 4):
 PSYoungGen      total 4608K, used 4602K [0x00000000d5580000, 0x00000000d5c80000, 0x0000000100000000)
  eden space 4096K, 100% used [0x00000000d5580000,0x00000000d5980000,0x00000000d5980000)
  from space 512K, 98% used [0x00000000d5a00000,0x00000000d5a7ead0,0x00000000d5a80000)
  to   space 1536K, 0% used [0x00000000d5b00000,0x00000000d5b00000,0x00000000d5c80000)
 ParOldGen       total 735744K, used 216873K [0x0000000080000000, 0x00000000ace80000, 0x00000000d5580000)
  object space 735744K, 29% used [0x0000000080000000,0x000000008d3ca6e8,0x00000000ace80000)
 Metaspace       used 79944K, committed 81600K, reserved 1179648K
  class space    used 8310K, committed 9024K, reserved 1048576K
}
Event: 157.459 GC heap after
{Heap after GC invocations=1062 (full 4):
 PSYoungGen      total 5120K, used 544K [0x00000000d5580000, 0x00000000d5c00000, 0x0000000100000000)
  eden space 4096K, 0% used [0x00000000d5580000,0x00000000d5580000,0x00000000d5980000)
  from space 1024K, 53% used [0x00000000d5b00000,0x00000000d5b88000,0x00000000d5c00000)
  to   space 1024K, 0% used [0x00000000d5a00000,0x00000000d5a00000,0x00000000d5b00000)
 ParOldGen       total 735744K, used 217390K [0x0000000080000000, 0x00000000ace80000, 0x00000000d5580000)
  object space 735744K, 29% used [0x0000000080000000,0x000000008d44ba38,0x00000000ace80000)
 Metaspace       used 79944K, committed 81600K, reserved 1179648K
  class space    used 8310K, committed 9024K, reserved 1048576K
}
Event: 157.477 GC heap before
{Heap before GC invocations=1063 (full 4):
 PSYoungGen      total 5120K, used 4640K [0x00000000d5580000, 0x00000000d5c00000, 0x0000000100000000)
  eden space 4096K, 100% used [0x00000000d5580000,0x00000000d5980000,0x00000000d5980000)
  from space 1024K, 53% used [0x00000000d5b00000,0x00000000d5b88000,0x00000000d5c00000)
  to   space 1024K, 0% used [0x00000000d5a00000,0x00000000d5a00000,0x00000000d5b00000)
 ParOldGen       total 735744K, used 217390K [0x0000000080000000, 0x00000000ace80000, 0x00000000d5580000)
  object space 735744K, 29% used [0x0000000080000000,0x000000008d44ba38,0x00000000ace80000)
 Metaspace       used 79944K, committed 81600K, reserved 1179648K
  class space    used 8310K, committed 9024K, reserved 1048576K
}
Event: 157.478 GC heap after
{Heap after GC invocations=1063 (full 4):
 PSYoungGen      total 5120K, used 160K [0x00000000d5580000, 0x00000000d5b80000, 0x0000000100000000)
  eden space 4096K, 0% used [0x00000000d5580000,0x00000000d5580000,0x00000000d5980000)
  from space 1024K, 15% used [0x00000000d5a00000,0x00000000d5a28000,0x00000000d5b00000)
  to   space 512K, 0% used [0x00000000d5b00000,0x00000000d5b00000,0x00000000d5b80000)
 ParOldGen       total 735744K, used 217694K [0x0000000080000000, 0x00000000ace80000, 0x00000000d5580000)
  object space 735744K, 29% used [0x0000000080000000,0x000000008d497b88,0x00000000ace80000)
 Metaspace       used 79944K, committed 81600K, reserved 1179648K
  class space    used 8310K, committed 9024K, reserved 1048576K
}
Event: 158.035 GC heap before
{Heap before GC invocations=1064 (full 4):
 PSYoungGen      total 5120K, used 4256K [0x00000000d5580000, 0x00000000d5b80000, 0x0000000100000000)
  eden space 4096K, 100% used [0x00000000d5580000,0x00000000d5980000,0x00000000d5980000)
  from space 1024K, 15% used [0x00000000d5a00000,0x00000000d5a28000,0x00000000d5b00000)
  to   space 512K, 0% used [0x00000000d5b00000,0x00000000d5b00000,0x00000000d5b80000)
 ParOldGen       total 735744K, used 217694K [0x0000000080000000, 0x00000000ace80000, 0x00000000d5580000)
  object space 735744K, 29% used [0x0000000080000000,0x000000008d497b88,0x00000000ace80000)
 Metaspace       used 79974K, committed 81600K, reserved 1179648K
  class space    used 8316K, committed 9024K, reserved 1048576K
}
Event: 158.036 GC heap after
{Heap after GC invocations=1064 (full 4):
 PSYoungGen      total 4608K, used 512K [0x00000000d5580000, 0x00000000d5b80000, 0x0000000100000000)
  eden space 4096K, 0% used [0x00000000d5580000,0x00000000d5580000,0x00000000d5980000)
  from space 512K, 100% used [0x00000000d5b00000,0x00000000d5b80000,0x00000000d5b80000)
  to   space 1024K, 0% used [0x00000000d5980000,0x00000000d5980000,0x00000000d5a80000)
 ParOldGen       total 735744K, used 217770K [0x0000000080000000, 0x00000000ace80000, 0x00000000d5580000)
  object space 735744K, 29% used [0x0000000080000000,0x000000008d4aab98,0x00000000ace80000)
 Metaspace       used 79974K, committed 81600K, reserved 1179648K
  class space    used 8316K, committed 9024K, reserved 1048576K
}
Event: 158.082 GC heap before
{Heap before GC invocations=1065 (full 4):
 PSYoungGen      total 4608K, used 4608K [0x00000000d5580000, 0x00000000d5b80000, 0x0000000100000000)
  eden space 4096K, 100% used [0x00000000d5580000,0x00000000d5980000,0x00000000d5980000)
  from space 512K, 100% used [0x00000000d5b00000,0x00000000d5b80000,0x00000000d5b80000)
  to   space 1024K, 0% used [0x00000000d5980000,0x00000000d5980000,0x00000000d5a80000)
 ParOldGen       total 735744K, used 217770K [0x0000000080000000, 0x00000000ace80000, 0x00000000d5580000)
  object space 735744K, 29% used [0x0000000080000000,0x000000008d4aab98,0x00000000ace80000)
 Metaspace       used 79987K, committed 81600K, reserved 1179648K
  class space    used 8316K, committed 9024K, reserved 1048576K
}
Event: 158.084 GC heap after
{Heap after GC invocations=1065 (full 4):
 PSYoungGen      total 5120K, used 832K [0x00000000d5580000, 0x00000000d5b80000, 0x0000000100000000)
  eden space 4096K, 0% used [0x00000000d5580000,0x00000000d5580000,0x00000000d5980000)
  from space 1024K, 81% used [0x00000000d5980000,0x00000000d5a50020,0x00000000d5a80000)
  to   space 1024K, 0% used [0x00000000d5a80000,0x00000000d5a80000,0x00000000d5b80000)
 ParOldGen       total 735744K, used 218210K [0x0000000080000000, 0x00000000ace80000, 0x00000000d5580000)
  object space 735744K, 29% used [0x0000000080000000,0x000000008d518af8,0x00000000ace80000)
 Metaspace       used 79987K, committed 81600K, reserved 1179648K
  class space    used 8316K, committed 9024K, reserved 1048576K
}
Event: 158.117 GC heap before
{Heap before GC invocations=1066 (full 4):
 PSYoungGen      total 5120K, used 4928K [0x00000000d5580000, 0x00000000d5b80000, 0x0000000100000000)
  eden space 4096K, 100% used [0x00000000d5580000,0x00000000d5980000,0x00000000d5980000)
  from space 1024K, 81% used [0x00000000d5980000,0x00000000d5a50020,0x00000000d5a80000)
  to   space 1024K, 0% used [0x00000000d5a80000,0x00000000d5a80000,0x00000000d5b80000)
 ParOldGen       total 735744K, used 218210K [0x0000000080000000, 0x00000000ace80000, 0x00000000d5580000)
  object space 735744K, 29% used [0x0000000080000000,0x000000008d518af8,0x00000000ace80000)
 Metaspace       used 79994K, committed 81664K, reserved 1179648K
  class space    used 8316K, committed 9024K, reserved 1048576K
}
Event: 158.120 GC heap after
{Heap after GC invocations=1066 (full 4):
 PSYoungGen      total 4608K, used 282K [0x00000000d5580000, 0x00000000d5b00000, 0x0000000100000000)
  eden space 4096K, 0% used [0x00000000d5580000,0x00000000d5580000,0x00000000d5980000)
  from space 512K, 55% used [0x00000000d5a80000,0x00000000d5ac6ad0,0x00000000d5b00000)
  to   space 512K, 0% used [0x00000000d5a00000,0x00000000d5a00000,0x00000000d5a80000)
 ParOldGen       total 735744K, used 218826K [0x0000000080000000, 0x00000000ace80000, 0x00000000d5580000)
  object space 735744K, 29% used [0x0000000080000000,0x000000008d5b2b78,0x00000000ace80000)
 Metaspace       used 79994K, committed 81664K, reserved 1179648K
  class space    used 8316K, committed 9024K, reserved 1048576K
}
Event: 162.307 GC heap before
{Heap before GC invocations=1067 (full 4):
 PSYoungGen      total 4608K, used 4378K [0x00000000d5580000, 0x00000000d5b00000, 0x0000000100000000)
  eden space 4096K, 100% used [0x00000000d5580000,0x00000000d5980000,0x00000000d5980000)
  from space 512K, 55% used [0x00000000d5a80000,0x00000000d5ac6ad0,0x00000000d5b00000)
  to   space 512K, 0% used [0x00000000d5a00000,0x00000000d5a00000,0x00000000d5a80000)
 ParOldGen       total 735744K, used 218826K [0x0000000080000000, 0x00000000ace80000, 0x00000000d5580000)
  object space 735744K, 29% used [0x0000000080000000,0x000000008d5b2b78,0x00000000ace80000)
 Metaspace       used 79998K, committed 81728K, reserved 1179648K
  class space    used 8316K, committed 9024K, reserved 1048576K
}
Event: 162.308 GC heap after
{Heap after GC invocations=1067 (full 4):
 PSYoungGen      total 4608K, used 352K [0x00000000d5580000, 0x00000000d5b00000, 0x0000000100000000)
  eden space 4096K, 0% used [0x00000000d5580000,0x00000000d5580000,0x00000000d5980000)
  from space 512K, 68% used [0x00000000d5a00000,0x00000000d5a58000,0x00000000d5a80000)
  to   space 512K, 0% used [0x00000000d5a80000,0x00000000d5a80000,0x00000000d5b00000)
 ParOldGen       total 735744K, used 218890K [0x0000000080000000, 0x00000000ace80000, 0x00000000d5580000)
  object space 735744K, 29% used [0x0000000080000000,0x000000008d5c2b78,0x00000000ace80000)
 Metaspace       used 79998K, committed 81728K, reserved 1179648K
  class space    used 8316K, committed 9024K, reserved 1048576K
}
Event: 167.136 GC heap before
{Heap before GC invocations=1068 (full 4):
 PSYoungGen      total 4608K, used 4448K [0x00000000d5580000, 0x00000000d5b00000, 0x0000000100000000)
  eden space 4096K, 100% used [0x00000000d5580000,0x00000000d5980000,0x00000000d5980000)
  from space 512K, 68% used [0x00000000d5a00000,0x00000000d5a58000,0x00000000d5a80000)
  to   space 512K, 0% used [0x00000000d5a80000,0x00000000d5a80000,0x00000000d5b00000)
 ParOldGen       total 735744K, used 218890K [0x0000000080000000, 0x00000000ace80000, 0x00000000d5580000)
  object space 735744K, 29% used [0x0000000080000000,0x000000008d5c2b78,0x00000000ace80000)
 Metaspace       used 80284K, committed 81984K, reserved 1179648K
  class space    used 8345K, committed 9088K, reserved 1048576K
}
Event: 167.137 GC heap after
{Heap after GC invocations=1068 (full 4):
 PSYoungGen      total 4608K, used 416K [0x00000000d5580000, 0x00000000d5b00000, 0x0000000100000000)
  eden space 4096K, 0% used [0x00000000d5580000,0x00000000d5580000,0x00000000d5980000)
  from space 512K, 81% used [0x00000000d5a80000,0x00000000d5ae8000,0x00000000d5b00000)
  to   space 512K, 0% used [0x00000000d5a00000,0x00000000d5a00000,0x00000000d5a80000)
 ParOldGen       total 735744K, used 218954K [0x0000000080000000, 0x00000000ace80000, 0x00000000d5580000)
  object space 735744K, 29% used [0x0000000080000000,0x000000008d5d2b78,0x00000000ace80000)
 Metaspace       used 80284K, committed 81984K, reserved 1179648K
  class space    used 8345K, committed 9088K, reserved 1048576K
}

